{"C:\\Users\\jan31\\Documents\\DVOPS_Project1\\project1-janelle\\public\\js\\createFeedback.js": {"path":"C:\\Users\\jan31\\Documents\\DVOPS_Project1\\project1-janelle\\public\\js\\createFeedback.js","statementMap":{"0":{"start":{"line":42,"column":18},"end":{"line":42,"column":56}},"1":{"start":{"line":43,"column":25},"end":{"line":43,"column":66}},"2":{"start":{"line":45,"column":4},"end":{"line":48,"column":5}},"3":{"start":{"line":46,"column":8},"end":{"line":46,"column":55}},"4":{"start":{"line":47,"column":8},"end":{"line":47,"column":15}},"5":{"start":{"line":51,"column":25},"end":{"line":51,"column":53}},"6":{"start":{"line":52,"column":4},"end":{"line":55,"column":5}},"7":{"start":{"line":53,"column":8},"end":{"line":53,"column":53}},"8":{"start":{"line":54,"column":8},"end":{"line":54,"column":15}},"9":{"start":{"line":57,"column":25},"end":{"line":57,"column":58}},"10":{"start":{"line":59,"column":4},"end":{"line":78,"column":5}},"11":{"start":{"line":60,"column":25},"end":{"line":64,"column":10}},"12":{"start":{"line":66,"column":8},"end":{"line":66,"column":29}},"13":{"start":{"line":68,"column":8},"end":{"line":74,"column":9}},"14":{"start":{"line":69,"column":12},"end":{"line":69,"column":54}},"15":{"start":{"line":70,"column":12},"end":{"line":70,"column":66}},"16":{"start":{"line":72,"column":12},"end":{"line":72,"column":89}},"17":{"start":{"line":76,"column":8},"end":{"line":76,"column":73}},"18":{"start":{"line":77,"column":8},"end":{"line":77,"column":59}}},"fnMap":{"0":{"name":"submitFeedback","decl":{"start":{"line":41,"column":15},"end":{"line":41,"column":29}},"loc":{"start":{"line":41,"column":32},"end":{"line":79,"column":1}},"line":41}},"branchMap":{"0":{"loc":{"start":{"line":45,"column":4},"end":{"line":48,"column":5}},"type":"if","locations":[{"start":{"line":45,"column":4},"end":{"line":48,"column":5}},{"start":{},"end":{}}],"line":45},"1":{"loc":{"start":{"line":45,"column":8},"end":{"line":45,"column":31}},"type":"binary-expr","locations":[{"start":{"line":45,"column":8},"end":{"line":45,"column":14}},{"start":{"line":45,"column":18},"end":{"line":45,"column":31}}],"line":45},"2":{"loc":{"start":{"line":52,"column":4},"end":{"line":55,"column":5}},"type":"if","locations":[{"start":{"line":52,"column":4},"end":{"line":55,"column":5}},{"start":{},"end":{}}],"line":52},"3":{"loc":{"start":{"line":68,"column":8},"end":{"line":74,"column":9}},"type":"if","locations":[{"start":{"line":68,"column":8},"end":{"line":74,"column":9}},{"start":{"line":71,"column":15},"end":{"line":74,"column":9}}],"line":68}},"s":{"0":4,"1":4,"2":4,"3":1,"4":1,"5":3,"6":3,"7":1,"8":1,"9":2,"10":2,"11":2,"12":1,"13":1,"14":0,"15":0,"16":1,"17":1,"18":0},"f":{"0":4},"b":{"0":[1,3],"1":[4,3],"2":[1,2],"3":[0,1]},"_coverageSchema":"1a1c01bbd47fc00a2c39e90264f33305004495a9","hash":"f3fcceebf6a04515b5a9d8ef779a67fa7a096a50"}
}
