{"total": {"lines":{"total":19,"covered":16,"skipped":0,"pct":84.21},"statements":{"total":19,"covered":16,"skipped":0,"pct":84.21},"functions":{"total":1,"covered":1,"skipped":0,"pct":100},"branches":{"total":8,"covered":7,"skipped":0,"pct":87.5},"branchesTrue":{"total":0,"covered":0,"skipped":0,"pct":"Unknown"}}
,"C:\\Users\\jan31\\Documents\\DVOPS_Project1\\project1-janelle\\public\\js\\createFeedback.js": {"lines":{"total":19,"covered":16,"skipped":0,"pct":84.21},"functions":{"total":1,"covered":1,"skipped":0,"pct":100},"statements":{"total":19,"covered":16,"skipped":0,"pct":84.21},"branches":{"total":8,"covered":7,"skipped":0,"pct":87.5}}
}
